Using pre-set license
Built from '2021.3/staging' branch; Version is '2021.3.16f1 (4016570cf34f) revision 4200023'; Using compiler version '192829333'; Build Type 'Release'
OS: 'Windows 11  (10.0.22621) 64bit Professional' Language: 'ru' Physical Memory: 16315 MB
BatchMode: 1, IsHumanControllingUs: 0, StartBugReporterOnCrash: 0, Is64bit: 1, IsPro: 1

COMMAND LINE ARGUMENTS:
C:\Program Files\Unity\Hub\Editor\2021.3.16f1\Editor\Unity.exe
-adb2
-batchMode
-noUpm
-name
AssetImportWorker0
-projectPath
A:/Allproject/GitLFS_LocalRepository/LonelyIsland/LonelyIsland
-logFile
Logs/AssetImportWorker0.log
-srvPort
57935
Successfully changed project path to: A:/Allproject/GitLFS_LocalRepository/LonelyIsland/LonelyIsland
A:/Allproject/GitLFS_LocalRepository/LonelyIsland/LonelyIsland
[UnityMemory] Configuration Parameters - Can be set up in boot.config
    "memorysetup-bucket-allocator-granularity=16"
    "memorysetup-bucket-allocator-bucket-count=8"
    "memorysetup-bucket-allocator-block-size=33554432"
    "memorysetup-bucket-allocator-block-count=8"
    "memorysetup-main-allocator-block-size=16777216"
    "memorysetup-thread-allocator-block-size=16777216"
    "memorysetup-gfx-main-allocator-block-size=16777216"
    "memorysetup-gfx-thread-allocator-block-size=16777216"
    "memorysetup-cache-allocator-block-size=4194304"
    "memorysetup-typetree-allocator-block-size=2097152"
    "memorysetup-profiler-bucket-allocator-granularity=16"
    "memorysetup-profiler-bucket-allocator-bucket-count=8"
    "memorysetup-profiler-bucket-allocator-block-size=33554432"
    "memorysetup-profiler-bucket-allocator-block-count=8"
    "memorysetup-profiler-allocator-block-size=16777216"
    "memorysetup-profiler-editor-allocator-block-size=1048576"
    "memorysetup-temp-allocator-size-main=16777216"
    "memorysetup-job-temp-allocator-block-size=2097152"
    "memorysetup-job-temp-allocator-block-size-background=1048576"
    "memorysetup-job-temp-allocator-reduction-small-platforms=262144"
    "memorysetup-temp-allocator-size-background-worker=32768"
    "memorysetup-temp-allocator-size-job-worker=262144"
    "memorysetup-temp-allocator-size-preload-manager=33554432"
    "memorysetup-temp-allocator-size-nav-mesh-worker=65536"
    "memorysetup-temp-allocator-size-audio-worker=65536"
    "memorysetup-temp-allocator-size-cloud-worker=32768"
    "memorysetup-temp-allocator-size-gi-baking-worker=262144"
    "memorysetup-temp-allocator-size-gfx=262144"
Player connection [18336] Host "[IP] 192.168.1.160 [Port] 0 [Flags] 2 [Guid] 1608238832 [EditorId] 1608238832 [Version] 1048832 [Id] WindowsEditor(7,lxrd) [Debug] 1 [PackageName] WindowsEditor [ProjectName] Editor" joined multi-casting on [225.0.0.222:54997]...

Player connection [18336] Host "[IP] 192.168.1.160 [Port] 0 [Flags] 2 [Guid] 1608238832 [EditorId] 1608238832 [Version] 1048832 [Id] WindowsEditor(7,lxrd) [Debug] 1 [PackageName] WindowsEditor [ProjectName] Editor" joined alternative multi-casting on [225.0.0.222:34997]...

Refreshing native plugins compatible for Editor in 110.01 ms, found 4 plugins.
Preloading 0 native plugins for Editor in 0.00 ms.
Initialize engine version: 2021.3.16f1 (4016570cf34f)
[Subsystems] Discovering subsystems at path C:/Program Files/Unity/Hub/Editor/2021.3.16f1/Editor/Data/Resources/UnitySubsystems
[Subsystems] Discovering subsystems at path A:/Allproject/GitLFS_LocalRepository/LonelyIsland/LonelyIsland/Assets
GfxDevice: creating device client; threaded=0; jobified=0
Direct3D:
    Version:  Direct3D 11.0 [level 11.1]
    Renderer: NVIDIA GeForce RTX 3050 (ID=0x2507)
    Vendor:   NVIDIA
    VRAM:     8056 MB
    Driver:   31.0.15.2824
Initialize mono
Mono path[0] = 'C:/Program Files/Unity/Hub/Editor/2021.3.16f1/Editor/Data/Managed'
Mono path[1] = 'C:/Program Files/Unity/Hub/Editor/2021.3.16f1/Editor/Data/MonoBleedingEdge/lib/mono/unityjit-win32'
Mono config path = 'C:/Program Files/Unity/Hub/Editor/2021.3.16f1/Editor/Data/MonoBleedingEdge/etc'
Using monoOptions --debugger-agent=transport=dt_socket,embedding=1,server=y,suspend=n,address=127.0.0.1:56736
Begin MonoManager ReloadAssembly
Registering precompiled unity dll's ...
Register platform support module: C:/Program Files/Unity/Hub/Editor/2021.3.16f1/Editor/Data/PlaybackEngines/WebGLSupport/UnityEditor.WebGL.Extensions.dll
Register platform support module: C:/Program Files/Unity/Hub/Editor/2021.3.16f1/Editor/Data/PlaybackEngines/AndroidPlayer/UnityEditor.Android.Extensions.dll
Register platform support module: C:/Program Files/Unity/Hub/Editor/2021.3.16f1/Editor/Data/PlaybackEngines/WindowsStandaloneSupport/UnityEditor.WindowsStandalone.Extensions.dll
Registered in 0.005664 seconds.
Native extension for WindowsStandalone target not found
Native extension for Android target not found
Native extension for WebGL target not found
Refreshing native plugins compatible for Editor in 116.21 ms, found 4 plugins.
Preloading 0 native plugins for Editor in 0.00 ms.
Mono: successfully reloaded assembly
- Completed reload, in  0.648 seconds
Domain Reload Profiling:
	ReloadAssembly (649ms)
		BeginReloadAssembly (63ms)
			ExecutionOrderSort (0ms)
			DisableScriptedObjects (0ms)
			BackupInstance (0ms)
			ReleaseScriptingObjects (0ms)
			CreateAndSetChildDomain (1ms)
		EndReloadAssembly (482ms)
			LoadAssemblies (61ms)
			RebuildTransferFunctionScriptingTraits (0ms)
			SetupTypeCache (105ms)
			ReleaseScriptCaches (0ms)
			RebuildScriptCaches (28ms)
			SetupLoadedEditorAssemblies (305ms)
				LogAssemblyErrors (0ms)
				InitializePlatformSupportModulesInManaged (59ms)
				SetLoadedEditorAssemblies (0ms)
				RefreshPlugins (116ms)
				BeforeProcessingInitializeOnLoad (1ms)
				ProcessInitializeOnLoadAttributes (91ms)
				ProcessInitializeOnLoadMethodAttributes (37ms)
				AfterProcessingInitializeOnLoad (0ms)
				EditorAssembliesLoaded (0ms)
			ExecutionOrderSort2 (0ms)
			AwakeInstancesAfterBackupRestoration (0ms)
Platform modules already initialized, skipping
Registering precompiled user dll's ...
Registered in 0.005577 seconds.
Begin MonoManager ReloadAssembly
Symbol file LoadedFromMemory doesn't match image A:\Allproject\GitLFS_LocalRepository\LonelyIsland\LonelyIsland\Library\PackageCache\com.unity.visualscripting@1.7.8\Editor\VisualScripting.Core\Dependencies\YamlDotNet\Unity.VisualScripting.YamlDotNet.dll
Symbol file LoadedFromMemory doesn't match image A:\Allproject\GitLFS_LocalRepository\LonelyIsland\LonelyIsland\Library\PackageCache\com.unity.visualscripting@1.7.8\Editor\VisualScripting.Core\Dependencies\DotNetZip\Unity.VisualScripting.IonicZip.dll
Native extension for WindowsStandalone target not found
Native extension for Android target not found
Native extension for WebGL target not found
Refreshing native plugins compatible for Editor in 95.37 ms, found 4 plugins.
Preloading 0 native plugins for Editor in 0.00 ms.
Mono: successfully reloaded assembly
- Completed reload, in  1.405 seconds
Domain Reload Profiling:
	ReloadAssembly (1406ms)
		BeginReloadAssembly (212ms)
			ExecutionOrderSort (0ms)
			DisableScriptedObjects (6ms)
			BackupInstance (0ms)
			ReleaseScriptingObjects (0ms)
			CreateAndSetChildDomain (129ms)
		EndReloadAssembly (1088ms)
			LoadAssemblies (80ms)
			RebuildTransferFunctionScriptingTraits (0ms)
			SetupTypeCache (349ms)
			ReleaseScriptCaches (1ms)
			RebuildScriptCaches (57ms)
			SetupLoadedEditorAssemblies (564ms)
				LogAssemblyErrors (0ms)
				InitializePlatformSupportModulesInManaged (17ms)
				SetLoadedEditorAssemblies (0ms)
				RefreshPlugins (95ms)
				BeforeProcessingInitializeOnLoad (101ms)
				ProcessInitializeOnLoadAttributes (273ms)
				ProcessInitializeOnLoadMethodAttributes (70ms)
				AfterProcessingInitializeOnLoad (6ms)
				EditorAssembliesLoaded (1ms)
			ExecutionOrderSort2 (0ms)
			AwakeInstancesAfterBackupRestoration (5ms)
Platform modules already initialized, skipping
========================================================================
Worker process is ready to serve import requests
Launched and connected shader compiler UnityShaderCompiler.exe after 0.08 seconds
Refreshing native plugins compatible for Editor in 1.77 ms, found 4 plugins.
Preloading 0 native plugins for Editor in 0.00 ms.
Unloading 4426 Unused Serialized files (Serialized files now loaded: 0)
Unloading 51 unused Assets / (232.0 KB). Loaded Objects now: 4959.
Memory consumption went from 166.7 MB to 166.5 MB.
Total: 5.867500 ms (FindLiveObjects: 0.588800 ms CreateObjectMapping: 0.136500 ms MarkObjects: 4.834500 ms  DeleteObjects: 0.305700 ms)

AssetImportParameters requested are different than current active one (requested -> active):
  custom:video-decoder-ogg-theora: a1e56fd34408186e4bbccfd4996cb3dc -> 
  custom:container-muxer-webm: aa71ff27fc2769a1b78a27578f13a17b -> 
  custom:container-demuxer-webm: 4f35f7cbe854078d1ac9338744f61a02 -> 
  custom:video-encoder-webm-vp8: eb34c28f22e8b96e1ab97ce403110664 -> 
  custom:audio-encoder-webm-vorbis: bf7c407c2cedff20999df2af8eb42d56 -> 
  custom:framework-win-MediaFoundation: 216162199b28c13a410421893ffa2e32 -> 
  custom:container-demuxer-ogg: 62fdf1f143b41e24485cea50d1cbac27 -> 
  custom:video-decoder-webm-vp8: 9c59270c3fd7afecdb556c50c9e8de78 -> 
  custom:audio-decoder-ogg-vorbis: bf7c407c2cedff20999df2af8eb42d56 -> 
========================================================================
Received Import Request.
  Time since last request: 605139.087189 seconds.
  path: Assets/Resources/SourceTileMap/TopDownMap.png
  artifactKey: Guid(11064c905106bab4ea8670700e109c72) Importer(815301076,1909f56bfc062723c751e8b465ee728b)
Start importing Assets/Resources/SourceTileMap/TopDownMap.png using Guid(11064c905106bab4ea8670700e109c72) Importer(815301076,1909f56bfc062723c751e8b465ee728b)  -> (artifact id: '00ce4565d63aafb7590b06a5753f165e') in 0.057328 seconds 
========================================================================
Received Import Request.
  Time since last request: 87.585081 seconds.
  path: Assets/Resources/SourceTileMap/TopDownMap.png
  artifactKey: Guid(11064c905106bab4ea8670700e109c72) Importer(815301076,1909f56bfc062723c751e8b465ee728b)
Start importing Assets/Resources/SourceTileMap/TopDownMap.png using Guid(11064c905106bab4ea8670700e109c72) Importer(815301076,1909f56bfc062723c751e8b465ee728b)  -> (artifact id: 'da33ae7d1fe753a566367d604f534dbd') in 0.053667 seconds 
========================================================================
Received Import Request.
  Time since last request: 12.272625 seconds.
  path: Assets/Resources/SourceTileMap/TopDownMap.png
  artifactKey: Guid(11064c905106bab4ea8670700e109c72) Importer(815301076,1909f56bfc062723c751e8b465ee728b)
Start importing Assets/Resources/SourceTileMap/TopDownMap.png using Guid(11064c905106bab4ea8670700e109c72) Importer(815301076,1909f56bfc062723c751e8b465ee728b)  -> (artifact id: 'e2694d536894c6fea2ac34c72b4c0969') in 0.008688 seconds 
========================================================================
Received Import Request.
  Time since last request: 15.331729 seconds.
  path: Assets/Resources/SourceTileMap/TopDownMap.png
  artifactKey: Guid(11064c905106bab4ea8670700e109c72) Importer(815301076,1909f56bfc062723c751e8b465ee728b)
Start importing Assets/Resources/SourceTileMap/TopDownMap.png using Guid(11064c905106bab4ea8670700e109c72) Importer(815301076,1909f56bfc062723c751e8b465ee728b)  -> (artifact id: '9a7c800bcfc8cb4f32619acfefe0e9e8') in 0.006139 seconds 
========================================================================
Received Import Request.
  Time since last request: 56.817381 seconds.
  path: Assets/Resources/SourceTileMap/TopDownMap.png
  artifactKey: Guid(11064c905106bab4ea8670700e109c72) Importer(815301076,1909f56bfc062723c751e8b465ee728b)
Start importing Assets/Resources/SourceTileMap/TopDownMap.png using Guid(11064c905106bab4ea8670700e109c72) Importer(815301076,1909f56bfc062723c751e8b465ee728b)  -> (artifact id: '89bdf63e1e09fe891f6dde4ea0e96e1b') in 0.006321 seconds 
========================================================================
Received Import Request.
  Time since last request: 21.448661 seconds.
  path: Assets/Resources/SourceTileMap/TopDownMap.png
  artifactKey: Guid(11064c905106bab4ea8670700e109c72) Importer(815301076,1909f56bfc062723c751e8b465ee728b)
Start importing Assets/Resources/SourceTileMap/TopDownMap.png using Guid(11064c905106bab4ea8670700e109c72) Importer(815301076,1909f56bfc062723c751e8b465ee728b)  -> (artifact id: '970c5bdd521ca4fb25363aedcd198e23') in 0.767145 seconds 
========================================================================
Received Import Request.
  Time since last request: 90.413387 seconds.
  path: Assets/Resources/SourceTileMap/TopDownMap.png
  artifactKey: Guid(11064c905106bab4ea8670700e109c72) Importer(815301076,1909f56bfc062723c751e8b465ee728b)
Start importing Assets/Resources/SourceTileMap/TopDownMap.png using Guid(11064c905106bab4ea8670700e109c72) Importer(815301076,1909f56bfc062723c751e8b465ee728b)  -> (artifact id: '5c7100ac1c23744a4bd0761d70ac4736') in 0.015572 seconds 
========================================================================
Received Import Request.
  Time since last request: 11.067166 seconds.
  path: Assets/Resources/SourceTileMap/TopDownMap.png
  artifactKey: Guid(11064c905106bab4ea8670700e109c72) Importer(815301076,1909f56bfc062723c751e8b465ee728b)
Start importing Assets/Resources/SourceTileMap/TopDownMap.png using Guid(11064c905106bab4ea8670700e109c72) Importer(815301076,1909f56bfc062723c751e8b465ee728b)  -> (artifact id: '67167d7c77a74701c139cd60ecc432d7') in 0.563662 seconds 
========================================================================
Received Import Request.
  Time since last request: 13.952182 seconds.
  path: Assets/Resources/SourceTileMap/TopDownMap.png
  artifactKey: Guid(11064c905106bab4ea8670700e109c72) Importer(815301076,1909f56bfc062723c751e8b465ee728b)
Start importing Assets/Resources/SourceTileMap/TopDownMap.png using Guid(11064c905106bab4ea8670700e109c72) Importer(815301076,1909f56bfc062723c751e8b465ee728b)  -> (artifact id: '0abc7ad51ce4517de53fb4634608f9bf') in 0.056492 seconds 
========================================================================
Received Import Request.
  Time since last request: 18.813899 seconds.
  path: Assets/Resources/TileMapPalett/TopDownMap_2.asset
  artifactKey: Guid(082a7c9a30f31ca409ec65d686c30dc8) Importer(815301076,1909f56bfc062723c751e8b465ee728b)
Start importing Assets/Resources/TileMapPalett/TopDownMap_2.asset using Guid(082a7c9a30f31ca409ec65d686c30dc8) Importer(815301076,1909f56bfc062723c751e8b465ee728b)  -> (artifact id: 'c5a4da3ec7b4ce914663cfefb95d5df3') in 0.707975 seconds 
========================================================================
Received Import Request.
  Time since last request: 0.000029 seconds.
  path: Assets/Resources/TileMapPalett/TopDownMap_11.asset
  artifactKey: Guid(fbd2fd2004b061e4cb18b9d09bf8b78b) Importer(815301076,1909f56bfc062723c751e8b465ee728b)
Start importing Assets/Resources/TileMapPalett/TopDownMap_11.asset using Guid(fbd2fd2004b061e4cb18b9d09bf8b78b) Importer(815301076,1909f56bfc062723c751e8b465ee728b)  -> (artifact id: 'bfa27e4d483b855be89d372fff27943b') in 1.116351 seconds 
========================================================================
Received Import Request.
  Time since last request: 0.000033 seconds.
  path: Assets/Resources/TileMapPalett/TopDownMap_6.asset
  artifactKey: Guid(bb8347f44bc00d4449ebaea88b41a24a) Importer(815301076,1909f56bfc062723c751e8b465ee728b)
Start importing Assets/Resources/TileMapPalett/TopDownMap_6.asset using Guid(bb8347f44bc00d4449ebaea88b41a24a) Importer(815301076,1909f56bfc062723c751e8b465ee728b)  -> (artifact id: 'd60ed2afbd23d2d672628d77b5acb684') in 0.405284 seconds 
========================================================================
Received Import Request.
  Time since last request: 0.000033 seconds.
  path: Assets/Resources/TileMapPalett/TopDownMap_4.asset
  artifactKey: Guid(ffdd850aeab3a6c498cedde384ddc2f2) Importer(815301076,1909f56bfc062723c751e8b465ee728b)
Start importing Assets/Resources/TileMapPalett/TopDownMap_4.asset using Guid(ffdd850aeab3a6c498cedde384ddc2f2) Importer(815301076,1909f56bfc062723c751e8b465ee728b)  -> (artifact id: 'b8a619bccdd7a780fdd46399860d21f2') in 0.376276 seconds 
========================================================================
Received Import Request.
  Time since last request: 0.000034 seconds.
  path: Assets/Resources/TileMapPalett/TopDownMap_5.asset
  artifactKey: Guid(581067b275c5b644bba13e716f56461a) Importer(815301076,1909f56bfc062723c751e8b465ee728b)
Start importing Assets/Resources/TileMapPalett/TopDownMap_5.asset using Guid(581067b275c5b644bba13e716f56461a) Importer(815301076,1909f56bfc062723c751e8b465ee728b)  -> (artifact id: 'a1b1a92e6707c7373355a6391b1f835f') in 0.007932 seconds 
========================================================================
Received Import Request.
  Time since last request: 0.000025 seconds.
  path: Assets/Resources/TileMapPalett/TopDownMap_7.asset
  artifactKey: Guid(cc48187470c4a80408eafd8cffea63cc) Importer(815301076,1909f56bfc062723c751e8b465ee728b)
Start importing Assets/Resources/TileMapPalett/TopDownMap_7.asset using Guid(cc48187470c4a80408eafd8cffea63cc) Importer(815301076,1909f56bfc062723c751e8b465ee728b)  -> (artifact id: '4248667634e00813982a1e2993c75ca5') in 0.100059 seconds 
========================================================================
Received Import Request.
  Time since last request: 0.000034 seconds.
  path: Assets/Resources/TileMapPalett/TopDownMap_8.asset
  artifactKey: Guid(ba6b9560917606d4a9b36076206b9128) Importer(815301076,1909f56bfc062723c751e8b465ee728b)
Start importing Assets/Resources/TileMapPalett/TopDownMap_8.asset using Guid(ba6b9560917606d4a9b36076206b9128) Importer(815301076,1909f56bfc062723c751e8b465ee728b)  -> (artifact id: '55bc870dcdf34b76b76b40b144424557') in 0.008134 seconds 
========================================================================
Received Import Request.
  Time since last request: 0.000035 seconds.
  path: Assets/Resources/TileMapPalett/TopDownMap_13.asset
  artifactKey: Guid(cd684fc6f16c99645b579d9b062bf948) Importer(815301076,1909f56bfc062723c751e8b465ee728b)
Start importing Assets/Resources/TileMapPalett/TopDownMap_13.asset using Guid(cd684fc6f16c99645b579d9b062bf948) Importer(815301076,1909f56bfc062723c751e8b465ee728b)  -> (artifact id: '3fc96c432412bf19459cb93f2a179a03') in 0.009584 seconds 
========================================================================
Received Import Request.
  Time since last request: 0.984223 seconds.
  path: Assets/Resources/TileMapPalett/Ground.prefab
  artifactKey: Guid(713dd0ea35fb016419d025f44e083c46) Importer(815301076,1909f56bfc062723c751e8b465ee728b)
Start importing Assets/Resources/TileMapPalett/Ground.prefab using Guid(713dd0ea35fb016419d025f44e083c46) Importer(815301076,1909f56bfc062723c751e8b465ee728b)  -> (artifact id: '806e7416e4887158d0dd505bf625fe32') in 0.502873 seconds 
========================================================================
Received Import Request.
  Time since last request: 8.964830 seconds.
  path: Assets/Resources/TileMapPalett/TopDownMap_19.asset
  artifactKey: Guid(aaadace6efd8d7344bc0195c03d205c4) Importer(815301076,1909f56bfc062723c751e8b465ee728b)
Start importing Assets/Resources/TileMapPalett/TopDownMap_19.asset using Guid(aaadace6efd8d7344bc0195c03d205c4) Importer(815301076,1909f56bfc062723c751e8b465ee728b)  -> (artifact id: 'f8b637b486082cfd2d9b8a7f8a653df7') in 0.008965 seconds 
========================================================================
Received Import Request.
  Time since last request: 0.029296 seconds.
  path: Assets/Resources/TileMapPalett/TopDownMap_20.asset
  artifactKey: Guid(05430df2c7755bd488d0d510ffb30d87) Importer(815301076,1909f56bfc062723c751e8b465ee728b)
Start importing Assets/Resources/TileMapPalett/TopDownMap_20.asset using Guid(05430df2c7755bd488d0d510ffb30d87) Importer(815301076,1909f56bfc062723c751e8b465ee728b)  -> (artifact id: '1ef953a9dc5cad19a05457b75bd2957c') in 0.009258 seconds 
========================================================================
Received Import Request.
  Time since last request: 104.860191 seconds.
  path: Assets/Resources/TileMapPalett/Ground/Ground.prefab
  artifactKey: Guid(713dd0ea35fb016419d025f44e083c46) Importer(815301076,1909f56bfc062723c751e8b465ee728b)
Start importing Assets/Resources/TileMapPalett/Ground/Ground.prefab using Guid(713dd0ea35fb016419d025f44e083c46) Importer(815301076,1909f56bfc062723c751e8b465ee728b)  -> (artifact id: '141920a97edf40047c9fd5d281695bd4') in 0.017166 seconds 
========================================================================
Received Import Request.
  Time since last request: 0.000022 seconds.
  path: Assets/Resources/TileMapPalett/Ground/TopDownMap_6.asset
  artifactKey: Guid(bb8347f44bc00d4449ebaea88b41a24a) Importer(815301076,1909f56bfc062723c751e8b465ee728b)
Start importing Assets/Resources/TileMapPalett/Ground/TopDownMap_6.asset using Guid(bb8347f44bc00d4449ebaea88b41a24a) Importer(815301076,1909f56bfc062723c751e8b465ee728b)  -> (artifact id: '4f5bbd006110f45572dbefa7f4d5dd68') in 0.003647 seconds 
========================================================================
Received Import Request.
  Time since last request: 0.000024 seconds.
  path: Assets/Resources/TileMapPalett/Ground/TopDownMap_12.asset
  artifactKey: Guid(f0f55dd9784005b4ca49d87760c5c378) Importer(815301076,1909f56bfc062723c751e8b465ee728b)
Start importing Assets/Resources/TileMapPalett/Ground/TopDownMap_12.asset using Guid(f0f55dd9784005b4ca49d87760c5c378) Importer(815301076,1909f56bfc062723c751e8b465ee728b)  -> (artifact id: '9ec00cafb9178031a9331e0ec4c14bb8') in 0.003902 seconds 
========================================================================
Received Import Request.
  Time since last request: 0.000102 seconds.
  path: Assets/Resources/TileMapPalett/Ground/TopDownMap_5.asset
  artifactKey: Guid(581067b275c5b644bba13e716f56461a) Importer(815301076,1909f56bfc062723c751e8b465ee728b)
Start importing Assets/Resources/TileMapPalett/Ground/TopDownMap_5.asset using Guid(581067b275c5b644bba13e716f56461a) Importer(815301076,1909f56bfc062723c751e8b465ee728b)  -> (artifact id: '3106a9b305e6149c6246baf482c8924c') in 0.003762 seconds 
========================================================================
Received Import Request.
  Time since last request: 0.000021 seconds.
  path: Assets/Resources/TileMapPalett/Ground/TopDownMap_7.asset
  artifactKey: Guid(cc48187470c4a80408eafd8cffea63cc) Importer(815301076,1909f56bfc062723c751e8b465ee728b)
Start importing Assets/Resources/TileMapPalett/Ground/TopDownMap_7.asset using Guid(cc48187470c4a80408eafd8cffea63cc) Importer(815301076,1909f56bfc062723c751e8b465ee728b)  -> (artifact id: '472f580ece4496a023d96c47a1ec9e1c') in 0.004312 seconds 
========================================================================
Received Import Request.
  Time since last request: 0.000022 seconds.
  path: Assets/Resources/TileMapPalett/Ground/TopDownMap_2.asset
  artifactKey: Guid(082a7c9a30f31ca409ec65d686c30dc8) Importer(815301076,1909f56bfc062723c751e8b465ee728b)
Start importing Assets/Resources/TileMapPalett/Ground/TopDownMap_2.asset using Guid(082a7c9a30f31ca409ec65d686c30dc8) Importer(815301076,1909f56bfc062723c751e8b465ee728b)  -> (artifact id: '6bce5cafd08f91c95cdfec1c5c20f03f') in 0.004036 seconds 
========================================================================
Received Import Request.
  Time since last request: 0.000022 seconds.
  path: Assets/Resources/TileMapPalett/Ground/TopDownMap_8.asset
  artifactKey: Guid(ba6b9560917606d4a9b36076206b9128) Importer(815301076,1909f56bfc062723c751e8b465ee728b)
Start importing Assets/Resources/TileMapPalett/Ground/TopDownMap_8.asset using Guid(ba6b9560917606d4a9b36076206b9128) Importer(815301076,1909f56bfc062723c751e8b465ee728b)  -> (artifact id: 'ae36b54dabf95c6a8117c6733805c2d9') in 0.003267 seconds 
Editor requested this worker to shutdown with reason: Scaling down because of idle timeout
AssetImportWorker is now disconnected from the server
Process exiting
Exiting without the bug reporter. Application will terminate with return code 0